Added Component: Designator=C1(CAP-SM-0805)
Add component (AddParameter): Name = "Value"; Value = "0.33uF/16V/0805"; VariantName = "[No Variations]"
Added Component: Designator=C2(CAP-SM-0805)
Add component (AddParameter): Name = "Value"; Value = "0.1uF/16V/0805"; VariantName = "[No Variations]"
Added Component: Designator=D1(7-SEGMENT 1.8INCH)
Added Component: Designator=D2(7-SEGMENT 1.8INCH)
Added Component: Designator=D3(7-SEGMENT 1.8INCH)
Added Component: Designator=D4(7-SEGMENT 1.8INCH)
Added Component: Designator=D5(LED_0805_Blue)
Added Component: Designator=JDC1(DC-IN)
Add component (AddParameter): Name = "Value"; Value = "Jac DC"; VariantName = "[No Variations]"
Added Component: Designator=R1(RES-SM-0805)
Add component (AddParameter): Name = "Value"; Value = "10K"; VariantName = "[No Variations]"
Added Component: Designator=U1(BLUEPILL)
Added Component: Designator=U2(SOIC-16)
Added Component: Designator=U3(SOIC-16)
Added Component: Designator=U4(SOIC-16)
Added Component: Designator=U5(SOIC-16)
Added Component: Designator=U6(DS3231 RTC MODULE)
Added Component: Designator=U7(Rotary Encoder)
Added Component: Designator=U8(DPAK228P1014X239-3N)
Added Pin To Net: NetName=+5 Pin=C2-2
Added Pin To Net: NetName=+5 Pin=U1-18
Added Pin To Net: NetName=+5 Pin=U2-10
Added Pin To Net: NetName=+5 Pin=U2-16
Added Pin To Net: NetName=+5 Pin=U3-10
Added Pin To Net: NetName=+5 Pin=U3-16
Added Pin To Net: NetName=+5 Pin=U4-10
Added Pin To Net: NetName=+5 Pin=U4-16
Added Pin To Net: NetName=+5 Pin=U5-10
Added Pin To Net: NetName=+5 Pin=U5-16
Added Pin To Net: NetName=+5 Pin=U6-5
Added Pin To Net: NetName=+5 Pin=U7-2
Added Pin To Net: NetName=+5 Pin=U8-3
Added Net: Name=+5
Added Pin To Net: NetName=DS_2 Pin=U2-9
Added Pin To Net: NetName=DS_2 Pin=U3-14
Added Net: Name=DS_2
Added Pin To Net: NetName=DS_3 Pin=U3-9
Added Pin To Net: NetName=DS_3 Pin=U4-14
Added Net: Name=DS_3
Added Pin To Net: NetName=DS_4 Pin=U4-9
Added Pin To Net: NetName=DS_4 Pin=U5-14
Added Net: Name=DS_4
Added Pin To Net: NetName=GND Pin=C1-1
Added Pin To Net: NetName=GND Pin=C2-1
Added Pin To Net: NetName=GND Pin=D1-1
Added Pin To Net: NetName=GND Pin=D1-5
Added Pin To Net: NetName=GND Pin=D2-1
Added Pin To Net: NetName=GND Pin=D2-5
Added Pin To Net: NetName=GND Pin=D3-1
Added Pin To Net: NetName=GND Pin=D3-5
Added Pin To Net: NetName=GND Pin=D4-1
Added Pin To Net: NetName=GND Pin=D4-5
Added Pin To Net: NetName=GND Pin=D5-2
Added Pin To Net: NetName=GND Pin=JDC1-2
Added Pin To Net: NetName=GND Pin=U1-19
Added Pin To Net: NetName=GND Pin=U1-39
Added Pin To Net: NetName=GND Pin=U1-40
Added Pin To Net: NetName=GND Pin=U2-8
Added Pin To Net: NetName=GND Pin=U2-13
Added Pin To Net: NetName=GND Pin=U3-8
Added Pin To Net: NetName=GND Pin=U3-13
Added Pin To Net: NetName=GND Pin=U4-8
Added Pin To Net: NetName=GND Pin=U4-13
Added Pin To Net: NetName=GND Pin=U5-8
Added Pin To Net: NetName=GND Pin=U5-13
Added Pin To Net: NetName=GND Pin=U6-6
Added Pin To Net: NetName=GND Pin=U7-1
Added Pin To Net: NetName=GND Pin=U8-2
Added Net: Name=GND
Added Pin To Net: NetName=I2C1_SCL Pin=U1-15
Added Pin To Net: NetName=I2C1_SCL Pin=U6-4
Added Net: Name=I2C1_SCL
Added Pin To Net: NetName=I2C1_SDA Pin=U1-14
Added Pin To Net: NetName=I2C1_SDA Pin=U6-3
Added Net: Name=I2C1_SDA
Added Pin To Net: NetName=LATCH Pin=U1-31
Added Pin To Net: NetName=LATCH Pin=U2-12
Added Pin To Net: NetName=LATCH Pin=U3-12
Added Pin To Net: NetName=LATCH Pin=U4-12
Added Pin To Net: NetName=LATCH Pin=U5-12
Added Net: Name=LATCH
Added Pin To Net: NetName=NetD1_2 Pin=D1-2
Added Pin To Net: NetName=NetD1_2 Pin=U2-4
Added Net: Name=NetD1_2
Added Pin To Net: NetName=NetD1_3 Pin=D1-3
Added Pin To Net: NetName=NetD1_3 Pin=U2-3
Added Net: Name=NetD1_3
Added Pin To Net: NetName=NetD1_4 Pin=D1-4
Added Pin To Net: NetName=NetD1_4 Pin=U2-2
Added Net: Name=NetD1_4
Added Pin To Net: NetName=NetD1_6 Pin=D1-6
Added Pin To Net: NetName=NetD1_6 Pin=U2-1
Added Net: Name=NetD1_6
Added Pin To Net: NetName=NetD1_7 Pin=D1-7
Added Pin To Net: NetName=NetD1_7 Pin=U2-15
Added Net: Name=NetD1_7
Added Pin To Net: NetName=NetD1_8 Pin=D1-8
Added Pin To Net: NetName=NetD1_8 Pin=U2-7
Added Net: Name=NetD1_8
Added Pin To Net: NetName=NetD1_9 Pin=D1-9
Added Pin To Net: NetName=NetD1_9 Pin=U2-5
Added Net: Name=NetD1_9
Added Pin To Net: NetName=NetD1_10 Pin=D1-10
Added Pin To Net: NetName=NetD1_10 Pin=U2-6
Added Net: Name=NetD1_10
Added Pin To Net: NetName=NetD2_2 Pin=D2-2
Added Pin To Net: NetName=NetD2_2 Pin=U3-4
Added Net: Name=NetD2_2
Added Pin To Net: NetName=NetD2_3 Pin=D2-3
Added Pin To Net: NetName=NetD2_3 Pin=U3-3
Added Net: Name=NetD2_3
Added Pin To Net: NetName=NetD2_4 Pin=D2-4
Added Pin To Net: NetName=NetD2_4 Pin=U3-2
Added Net: Name=NetD2_4
Added Pin To Net: NetName=NetD2_6 Pin=D2-6
Added Pin To Net: NetName=NetD2_6 Pin=U3-1
Added Net: Name=NetD2_6
Added Pin To Net: NetName=NetD2_7 Pin=D2-7
Added Pin To Net: NetName=NetD2_7 Pin=U3-15
Added Net: Name=NetD2_7
Added Pin To Net: NetName=NetD2_8 Pin=D2-8
Added Pin To Net: NetName=NetD2_8 Pin=U3-7
Added Net: Name=NetD2_8
Added Pin To Net: NetName=NetD2_9 Pin=D2-9
Added Pin To Net: NetName=NetD2_9 Pin=U3-5
Added Net: Name=NetD2_9
Added Pin To Net: NetName=NetD2_10 Pin=D2-10
Added Pin To Net: NetName=NetD2_10 Pin=U3-6
Added Net: Name=NetD2_10
Added Pin To Net: NetName=NetD3_2 Pin=D3-2
Added Pin To Net: NetName=NetD3_2 Pin=U4-4
Added Net: Name=NetD3_2
Added Pin To Net: NetName=NetD3_3 Pin=D3-3
Added Pin To Net: NetName=NetD3_3 Pin=U4-3
Added Net: Name=NetD3_3
Added Pin To Net: NetName=NetD3_4 Pin=D3-4
Added Pin To Net: NetName=NetD3_4 Pin=U4-2
Added Net: Name=NetD3_4
Added Pin To Net: NetName=NetD3_6 Pin=D3-6
Added Pin To Net: NetName=NetD3_6 Pin=U4-1
Added Net: Name=NetD3_6
Added Pin To Net: NetName=NetD3_7 Pin=D3-7
Added Pin To Net: NetName=NetD3_7 Pin=U4-15
Added Net: Name=NetD3_7
Added Pin To Net: NetName=NetD3_8 Pin=D3-8
Added Pin To Net: NetName=NetD3_8 Pin=U4-7
Added Net: Name=NetD3_8
Added Pin To Net: NetName=NetD3_9 Pin=D3-9
Added Pin To Net: NetName=NetD3_9 Pin=U4-5
Added Net: Name=NetD3_9
Added Pin To Net: NetName=NetD3_10 Pin=D3-10
Added Pin To Net: NetName=NetD3_10 Pin=U4-6
Added Net: Name=NetD3_10
Added Pin To Net: NetName=NetD4_2 Pin=D4-2
Added Pin To Net: NetName=NetD4_2 Pin=U5-4
Added Net: Name=NetD4_2
Added Pin To Net: NetName=NetD4_3 Pin=D4-3
Added Pin To Net: NetName=NetD4_3 Pin=U5-3
Added Net: Name=NetD4_3
Added Pin To Net: NetName=NetD4_4 Pin=D4-4
Added Pin To Net: NetName=NetD4_4 Pin=U5-2
Added Net: Name=NetD4_4
Added Pin To Net: NetName=NetD4_6 Pin=D4-6
Added Pin To Net: NetName=NetD4_6 Pin=U5-1
Added Net: Name=NetD4_6
Added Pin To Net: NetName=NetD4_7 Pin=D4-7
Added Pin To Net: NetName=NetD4_7 Pin=U5-15
Added Net: Name=NetD4_7
Added Pin To Net: NetName=NetD4_8 Pin=D4-8
Added Pin To Net: NetName=NetD4_8 Pin=U5-7
Added Net: Name=NetD4_8
Added Pin To Net: NetName=NetD4_9 Pin=D4-9
Added Pin To Net: NetName=NetD4_9 Pin=U5-5
Added Net: Name=NetD4_9
Added Pin To Net: NetName=NetD4_10 Pin=D4-10
Added Pin To Net: NetName=NetD4_10 Pin=U5-6
Added Net: Name=NetD4_10
Added Pin To Net: NetName=NetD5_1 Pin=D5-1
Added Pin To Net: NetName=NetD5_1 Pin=R1-2
Added Net: Name=NetD5_1
Added Pin To Net: NetName=SPI1_CLK Pin=U1-30
Added Pin To Net: NetName=SPI1_CLK Pin=U2-11
Added Pin To Net: NetName=SPI1_CLK Pin=U3-11
Added Pin To Net: NetName=SPI1_CLK Pin=U4-11
Added Pin To Net: NetName=SPI1_CLK Pin=U5-11
Added Net: Name=SPI1_CLK
Added Pin To Net: NetName=SPI1_MOSI Pin=U1-32
Added Pin To Net: NetName=SPI1_MOSI Pin=U2-14
Added Net: Name=SPI1_MOSI
Added Pin To Net: NetName=SW_PIN Pin=U1-27
Added Pin To Net: NetName=SW_PIN Pin=U7-3
Added Net: Name=SW_PIN
Added Pin To Net: NetName=TIM2_CH1 Pin=U1-25
Added Pin To Net: NetName=TIM2_CH1 Pin=U7-4
Added Net: Name=TIM2_CH1
Added Pin To Net: NetName=TIM2_CH2 Pin=U1-26
Added Pin To Net: NetName=TIM2_CH2 Pin=U7-5
Added Net: Name=TIM2_CH2
Added Pin To Net: NetName=VCC Pin=C1-2
Added Pin To Net: NetName=VCC Pin=JDC1-1
Added Pin To Net: NetName=VCC Pin=R1-1
Added Pin To Net: NetName=VCC Pin=U8-1
Added Net: Name=VCC
Added Class: Name=MCU
Added Class: Name=Peripherials
Added Class: Name=Power_Supply
